<?xml version="1.0" encoding="UTF-8"?>
<!-- Generated by org.testng.reporters.JUnitReportReporter -->
<testsuite hostname="DESKTOP-78KRMR4" failures="0" tests="1" name="MyTestCases.SignUp" time="10.057" errors="0" timestamp="2024-03-23T00:32:54 EET" skipped="0">
  <testcase classname="MyTestCases.SignUp" name="myFirstTest" time="10.057"/>
  <system-out/>
</testsuite> <!-- MyTestCases.SignUp -->
