<?xml version="1.0" encoding="UTF-8"?>
<!-- Generated by org.testng.reporters.JUnitReportReporter -->
<testsuite hostname="DESKTOP-78KRMR4" failures="0" tests="4" name="MyTestCases.SignUp" time="20.559" errors="0" timestamp="2024-03-25T01:09:29 EET" skipped="0">
  <testcase classname="MyTestCases.SignUp" name="myFirstTest" time="10.079"/>
  <system-out/>
  <testcase classname="MyTestCases.SignUp" name="LogOut" time="1.695"/>
  <system-out/>
  <testcase classname="MyTestCases.SignUp" name="LogInProcess" time="5.193"/>
  <system-out/>
  <testcase classname="MyTestCases.SignUp" name="addOneRandomItem" time="3.592"/>
  <system-out/>
</testsuite> <!-- MyTestCases.SignUp -->
